        -:    0:Source:ut.cpp
        -:    0:Graph:ut.gcno
        -:    0:Data:-
        -:    0:Runs:0
        -:    1:#include <cstdlib>
        -:    2:#include <gtest/gtest.h>
        -:    3:#include "bmi.h"
    #####:    4:TEST( multest , HandleNoneZeroInput ) {
    #####:    5:    ASSERT_EQ( 0 , computeBMI( 0 ,0 ) ) ;
    #####:    6:    ASSERT_EQ( 0 , computeBMI( 100 , 0) ) ;
    #####:    7:    ASSERT_EQ( -2 , computeBMI( 52 , 100) ) ;
    #####:    8:    ASSERT_EQ( -1 , computeBMI( 42 , 155) ) ;
    #####:    9:    ASSERT_EQ( 21.64 , computeBMI( 52 , 155) ) ;
        -:   10:}
------------------
_ZN32multest_HandleNoneZeroInput_TestC2Ev:
function _ZN32multest_HandleNoneZeroInput_TestC2Ev called 0 returned 0% blocks executed 0%
    #####:    4:TEST( multest , HandleNoneZeroInput ) {
call    0 never executed
------------------
_ZN32multest_HandleNoneZeroInput_TestD0Ev:
function _ZN32multest_HandleNoneZeroInput_TestD0Ev called 0 returned 0% blocks executed 0%
    #####:    4:TEST( multest , HandleNoneZeroInput ) {
call    0 never executed
call    1 never executed
------------------
_ZN32multest_HandleNoneZeroInput_TestD2Ev:
function _ZN32multest_HandleNoneZeroInput_TestD2Ev called 0 returned 0% blocks executed 0%
    #####:    4:TEST( multest , HandleNoneZeroInput ) {
call    0 never executed
------------------
_ZN32multest_HandleNoneZeroInput_Test8TestBodyEv:
function _ZN32multest_HandleNoneZeroInput_Test8TestBodyEv called 0 returned 0% blocks executed 0%
    #####:    4:TEST( multest , HandleNoneZeroInput ) {
    #####:    5:    ASSERT_EQ( 0 , computeBMI( 0 ,0 ) ) ;
call    0 never executed
branch  1 never executed
branch  2 never executed
call    3 never executed
branch  4 never executed
branch  5 never executed
call    6 never executed
branch  7 never executed
branch  8 never executed
call    9 never executed
branch 10 never executed
branch 11 never executed
call   12 never executed
call   13 never executed
branch 14 never executed
branch 15 never executed
call   16 never executed
branch 17 never executed
branch 18 never executed
call   19 never executed
call   20 never executed
call   21 never executed
branch 22 never executed
branch 23 never executed
call   24 never executed
call   25 never executed
call   26 never executed
    #####:    6:    ASSERT_EQ( 0 , computeBMI( 100 , 0) ) ;
call    0 never executed
branch  1 never executed
branch  2 never executed
call    3 never executed
branch  4 never executed
branch  5 never executed
call    6 never executed
branch  7 never executed
branch  8 never executed
call    9 never executed
branch 10 never executed
branch 11 never executed
call   12 never executed
call   13 never executed
branch 14 never executed
branch 15 never executed
call   16 never executed
branch 17 never executed
branch 18 never executed
call   19 never executed
call   20 never executed
call   21 never executed
branch 22 never executed
branch 23 never executed
call   24 never executed
call   25 never executed
call   26 never executed
    #####:    7:    ASSERT_EQ( -2 , computeBMI( 52 , 100) ) ;
call    0 never executed
branch  1 never executed
branch  2 never executed
call    3 never executed
branch  4 never executed
branch  5 never executed
call    6 never executed
branch  7 never executed
branch  8 never executed
call    9 never executed
branch 10 never executed
branch 11 never executed
call   12 never executed
call   13 never executed
branch 14 never executed
branch 15 never executed
call   16 never executed
branch 17 never executed
branch 18 never executed
call   19 never executed
call   20 never executed
call   21 never executed
branch 22 never executed
branch 23 never executed
call   24 never executed
call   25 never executed
call   26 never executed
    #####:    8:    ASSERT_EQ( -1 , computeBMI( 42 , 155) ) ;
call    0 never executed
branch  1 never executed
branch  2 never executed
call    3 never executed
branch  4 never executed
branch  5 never executed
call    6 never executed
branch  7 never executed
branch  8 never executed
call    9 never executed
branch 10 never executed
branch 11 never executed
call   12 never executed
call   13 never executed
branch 14 never executed
branch 15 never executed
call   16 never executed
branch 17 never executed
branch 18 never executed
call   19 never executed
call   20 never executed
call   21 never executed
branch 22 never executed
branch 23 never executed
call   24 never executed
call   25 never executed
call   26 never executed
    #####:    9:    ASSERT_EQ( 21.64 , computeBMI( 52 , 155) ) ;
call    0 never executed
branch  1 never executed
branch  2 never executed
call    3 never executed
branch  4 never executed
branch  5 never executed
call    6 never executed
branch  7 never executed
branch  8 never executed
call    9 never executed
branch 10 never executed
branch 11 never executed
call   12 never executed
call   13 never executed
branch 14 never executed
branch 15 never executed
call   16 never executed
branch 17 never executed
branch 18 never executed
call   19 never executed
call   20 never executed
call   21 never executed
branch 22 never executed
branch 23 never executed
call   24 never executed
call   25 never executed
call   26 never executed
        -:   10:}
------------------
function main called 0 returned 0% blocks executed 0%
    #####:   11:int main( int argc , char **argv ){
    #####:   12:    testing :: InitGoogleTest( &argc , argv ) ;
call    0 never executed
    #####:   13:    return RUN_ALL_TESTS( );
call    0 never executed
        -:   14:}
