        -:    0:Source:ut.cpp
        -:    0:Graph:ut.gcno
        -:    0:Data:ut.gcda
        -:    0:Runs:1
        -:    0:Source is newer than graph
        -:    1:#include <cstdlib>
        -:    2:#include <gtest/gtest.h>
function _Z3mulii called 2 returned 100% blocks executed 100%
        2:    3:#include "bmi.h"
        2:    4:TEST( multest , HandleNoneZeroInput ) {
        -:    5:    ASSERT_EQ( 0 , computeBMI( 0 ,0 ) ) ;
        4:    6:    ASSERT_EQ( 0 , computeBMI( 100 , 0) ) ;
       1*:    7:    ASSERT_EQ( -2 , computeBMI( 52 , 100) ) ;
       1*:    8:    ASSERT_EQ( -1 , computeBMI( 42 , 155) ) ;
        -:    9:    ASSERT_EQ( 21.64 , computeBMI( 52 , 155) ) ;
------------------
_ZN32multest_HandleNoneZeroInput_TestC2Ev:
function _ZN32multest_HandleNoneZeroInput_TestC2Ev called 1 returned 100% blocks executed 100%
        1:    6:    ASSERT_EQ( 0 , computeBMI( 100 , 0) ) ;
call    0 returned 1
------------------
_ZN32multest_HandleNoneZeroInput_TestD0Ev:
function _ZN32multest_HandleNoneZeroInput_TestD0Ev called 1 returned 100% blocks executed 100%
        1:    6:    ASSERT_EQ( 0 , computeBMI( 100 , 0) ) ;
call    0 returned 1
call    1 returned 1
------------------
_ZN32multest_HandleNoneZeroInput_TestD2Ev:
function _ZN32multest_HandleNoneZeroInput_TestD2Ev called 1 returned 100% blocks executed 100%
        1:    6:    ASSERT_EQ( 0 , computeBMI( 100 , 0) ) ;
call    0 returned 1
------------------
_ZN32multest_HandleNoneZeroInput_Test8TestBodyEv:
function _ZN32multest_HandleNoneZeroInput_Test8TestBodyEv called 1 returned 100% blocks executed 32%
        1:    6:    ASSERT_EQ( 0 , computeBMI( 100 , 0) ) ;
       1*:    7:    ASSERT_EQ( -2 , computeBMI( 52 , 100) ) ;
call    0 returned 1
call    1 returned 1
branch  2 taken 1 (fallthrough)
branch  3 taken 0 (throw)
call    4 returned 1
branch  5 taken 0 (fallthrough)
branch  6 taken 1
call    7 never executed
branch  8 never executed
branch  9 never executed
call   10 never executed
call   11 never executed
branch 12 never executed
branch 13 never executed
call   14 never executed
branch 15 never executed
branch 16 never executed
call   17 never executed
call   18 never executed
call   19 returned 1
branch 20 taken 1 (fallthrough)
branch 21 taken 0
call   22 never executed
call   23 never executed
call   24 never executed
       1*:    8:    ASSERT_EQ( -1 , computeBMI( 42 , 155) ) ;
call    0 returned 1
call    1 returned 1
branch  2 taken 1 (fallthrough)
branch  3 taken 0 (throw)
call    4 returned 1
branch  5 taken 0 (fallthrough)
branch  6 taken 1
call    7 never executed
branch  8 never executed
branch  9 never executed
call   10 never executed
call   11 never executed
branch 12 never executed
branch 13 never executed
call   14 never executed
branch 15 never executed
branch 16 never executed
call   17 never executed
call   18 never executed
call   19 returned 1
branch 20 taken 1 (fallthrough)
branch 21 taken 0
call   22 never executed
call   23 never executed
call   24 never executed
        -:    9:    ASSERT_EQ( 21.64 , computeBMI( 52 , 155) ) ;
------------------
function main called 1 returned 100% blocks executed 100%
        1:   10:}
        1:   11:int main( int argc , char **argv ){
call    0 returned 1
        1:   12:    testing :: InitGoogleTest( &argc , argv ) ;
call    0 returned 1
        -:   13:    return RUN_ALL_TESTS( );
        -:   14:}
